c:\users\user\desktop\gamelibrary\gamelibrary\x64\debug\gamelibrary.pch
c:\users\user\desktop\gamelibrary\x64\debug\gamelibrary.pdb
c:\users\user\desktop\gamelibrary\x64\debug\gamelibrary.idb
c:\users\user\desktop\gamelibrary\gamelibrary\x64\debug\pch.obj
c:\users\user\desktop\gamelibrary\gamelibrary\x64\debug\libglobal.obj
c:\users\user\desktop\gamelibrary\gamelibrary\x64\debug\liberrcode.obj
c:\users\user\desktop\gamelibrary\gamelibrary\x64\debug\lansession.obj
c:\users\user\desktop\gamelibrary\gamelibrary\x64\debug\lanservice.obj
c:\users\user\desktop\gamelibrary\gamelibrary\x64\debug\lanserializebuffer.obj
c:\users\user\desktop\gamelibrary\gamelibrary\x64\debug\lansendpacket.obj
c:\users\user\desktop\gamelibrary\gamelibrary\x64\debug\lanrecvpacket.obj
c:\users\user\desktop\gamelibrary\gamelibrary\x64\debug\lanclientsession.obj
c:\users\user\desktop\gamelibrary\gamelibrary\x64\debug\lanclient.obj
c:\users\user\desktop\gamelibrary\gamelibrary\x64\debug\kicker.obj
c:\users\user\desktop\gamelibrary\gamelibrary\x64\debug\job.obj
c:\users\user\desktop\gamelibrary\gamelibrary\x64\debug\iocpcore.obj
c:\users\user\desktop\gamelibrary\gamelibrary\x64\debug\sessioninstance.obj
c:\users\user\desktop\gamelibrary\gamelibrary\x64\debug\frametimer.obj
c:\users\user\desktop\gamelibrary\gamelibrary\x64\debug\logicinstance.obj
c:\users\user\desktop\gamelibrary\gamelibrary\x64\debug\loopinstance.obj
c:\users\user\desktop\gamelibrary\gamelibrary\x64\debug\crashdump.obj
c:\users\user\desktop\gamelibrary\gamelibrary\x64\debug\cpuusage.obj
c:\users\user\desktop\gamelibrary\gamelibrary\x64\debug\container.obj
c:\users\user\desktop\gamelibrary\gamelibrary\x64\debug\atomicutils.obj
c:\users\user\desktop\gamelibrary\gamelibrary\x64\debug\performancemonitor.obj
c:\users\user\desktop\gamelibrary\gamelibrary\x64\debug\observer.obj
c:\users\user\desktop\gamelibrary\gamelibrary\x64\debug\netsession.obj
c:\users\user\desktop\gamelibrary\gamelibrary\x64\debug\netservice.obj
c:\users\user\desktop\gamelibrary\gamelibrary\x64\debug\netserializebuffer.obj
c:\users\user\desktop\gamelibrary\gamelibrary\x64\debug\netsendpacket.obj
c:\users\user\desktop\gamelibrary\gamelibrary\x64\debug\netrecvpacket.obj
c:\users\user\desktop\gamelibrary\gamelibrary\x64\debug\netobserver.obj
c:\users\user\desktop\gamelibrary\gamelibrary\x64\debug\groupinstance.obj
c:\users\user\desktop\gamelibrary\gamelibrary\x64\debug\soloinstance.obj
c:\users\user\desktop\gamelibrary\gamelibrary\x64\debug\netaddress.obj
c:\users\user\desktop\gamelibrary\gamelibrary\x64\debug\logutils.obj
c:\users\user\desktop\gamelibrary\gamelibrary\x64\debug\logdebugger.obj
c:\users\user\desktop\gamelibrary\gamelibrary\x64\debug\lockfreestack.obj
c:\users\user\desktop\gamelibrary\gamelibrary\x64\debug\lockfreequeuestatic.obj
c:\users\user\desktop\gamelibrary\gamelibrary\x64\debug\lockfreequeue.obj
c:\users\user\desktop\gamelibrary\gamelibrary\x64\debug\lockfreeobjectpooltls.obj
c:\users\user\desktop\gamelibrary\gamelibrary\x64\debug\lockfreeobjectpool.obj
c:\users\user\desktop\gamelibrary\gamelibrary\x64\debug\lock.obj
c:\users\user\desktop\gamelibrary\gamelibrary\x64\debug\libpch.obj
c:\users\user\desktop\gamelibrary\gamelibrary\x64\debug\threadmanager.obj
c:\users\user\desktop\gamelibrary\gamelibrary\x64\debug\textparser.obj
c:\users\user\desktop\gamelibrary\gamelibrary\x64\debug\socketutils.obj
c:\users\user\desktop\gamelibrary\gamelibrary\x64\debug\smartpointer.obj
c:\users\user\desktop\gamelibrary\gamelibrary\x64\debug\profiler.obj
c:\users\user\desktop\gamelibrary\gamelibrary\x64\debug\gamelibrary.tlog\cl.command.1.tlog
c:\users\user\desktop\gamelibrary\gamelibrary\x64\debug\gamelibrary.tlog\cl.read.1.tlog
c:\users\user\desktop\gamelibrary\gamelibrary\x64\debug\gamelibrary.tlog\cl.write.1.tlog
