c:\users\user\desktop\gamelibrary\gamelibrary\x64\release\gamelibrary.pch
c:\users\user\desktop\gamelibrary\x64\release\gamelibrary.pdb
c:\users\user\desktop\gamelibrary\gamelibrary\x64\release\pch.obj
c:\users\user\desktop\gamelibrary\gamelibrary\x64\release\lanservice.obj
c:\users\user\desktop\gamelibrary\gamelibrary\x64\release\lanserializebuffer.obj
c:\users\user\desktop\gamelibrary\gamelibrary\x64\release\lansendpacket.obj
c:\users\user\desktop\gamelibrary\gamelibrary\x64\release\lanrecvpacket.obj
c:\users\user\desktop\gamelibrary\gamelibrary\x64\release\lanclientsession.obj
c:\users\user\desktop\gamelibrary\gamelibrary\x64\release\lanclient.obj
c:\users\user\desktop\gamelibrary\gamelibrary\x64\release\kicker.obj
c:\users\user\desktop\gamelibrary\gamelibrary\x64\release\job.obj
c:\users\user\desktop\gamelibrary\gamelibrary\x64\release\iocpcore.obj
c:\users\user\desktop\gamelibrary\gamelibrary\x64\release\sessioninstance.obj
c:\users\user\desktop\gamelibrary\gamelibrary\x64\release\netclientsession.obj
c:\users\user\desktop\gamelibrary\gamelibrary\x64\release\netclient.obj
c:\users\user\desktop\gamelibrary\gamelibrary\x64\release\frametimer.obj
c:\users\user\desktop\gamelibrary\gamelibrary\x64\release\logicinstance.obj
c:\users\user\desktop\gamelibrary\gamelibrary\x64\release\loopinstance.obj
c:\users\user\desktop\gamelibrary\gamelibrary\x64\release\lockfreeobjectpooltlslist.obj
c:\users\user\desktop\gamelibrary\gamelibrary\x64\release\crashdump.obj
c:\users\user\desktop\gamelibrary\gamelibrary\x64\release\cpuusage.obj
c:\users\user\desktop\gamelibrary\gamelibrary\x64\release\container.obj
c:\users\user\desktop\gamelibrary\gamelibrary\x64\release\atomicutils.obj
c:\users\user\desktop\gamelibrary\gamelibrary\x64\release\netsession.obj
c:\users\user\desktop\gamelibrary\gamelibrary\x64\release\netservice.obj
c:\users\user\desktop\gamelibrary\gamelibrary\x64\release\netserializebuffer.obj
c:\users\user\desktop\gamelibrary\gamelibrary\x64\release\netsendpacket.obj
c:\users\user\desktop\gamelibrary\gamelibrary\x64\release\netrecvpacket.obj
c:\users\user\desktop\gamelibrary\gamelibrary\x64\release\netobserver.obj
c:\users\user\desktop\gamelibrary\gamelibrary\x64\release\groupinstance.obj
c:\users\user\desktop\gamelibrary\gamelibrary\x64\release\soloinstance.obj
c:\users\user\desktop\gamelibrary\gamelibrary\x64\release\netaddress.obj
c:\users\user\desktop\gamelibrary\gamelibrary\x64\release\logutils.obj
c:\users\user\desktop\gamelibrary\gamelibrary\x64\release\lockfreestack.obj
c:\users\user\desktop\gamelibrary\gamelibrary\x64\release\lockfreequeuestatic.obj
c:\users\user\desktop\gamelibrary\gamelibrary\x64\release\lockfreequeue.obj
c:\users\user\desktop\gamelibrary\gamelibrary\x64\release\lockfreeobjectpooltls.obj
c:\users\user\desktop\gamelibrary\gamelibrary\x64\release\lockfreeobjectpool.obj
c:\users\user\desktop\gamelibrary\gamelibrary\x64\release\lock.obj
c:\users\user\desktop\gamelibrary\gamelibrary\x64\release\libpch.obj
c:\users\user\desktop\gamelibrary\gamelibrary\x64\release\libglobal.obj
c:\users\user\desktop\gamelibrary\gamelibrary\x64\release\liberrcode.obj
c:\users\user\desktop\gamelibrary\gamelibrary\x64\release\lansession.obj
c:\users\user\desktop\gamelibrary\gamelibrary\x64\release\threadmanager.obj
c:\users\user\desktop\gamelibrary\gamelibrary\x64\release\textparser.obj
c:\users\user\desktop\gamelibrary\gamelibrary\x64\release\socketutils.obj
c:\users\user\desktop\gamelibrary\gamelibrary\x64\release\smartpointer.obj
c:\users\user\desktop\gamelibrary\gamelibrary\x64\release\profiler.obj
c:\users\user\desktop\gamelibrary\gamelibrary\x64\release\performancemonitor.obj
c:\users\user\desktop\gamelibrary\gamelibrary\x64\release\lanobserver.obj
c:\users\user\desktop\gamelibrary\x64\release\gamelibrary.lib
c:\users\user\desktop\gamelibrary\gamelibrary\x64\release\gamelibrary.tlog\cl.command.1.tlog
c:\users\user\desktop\gamelibrary\gamelibrary\x64\release\gamelibrary.tlog\cl.items.tlog
c:\users\user\desktop\gamelibrary\gamelibrary\x64\release\gamelibrary.tlog\cl.read.1.tlog
c:\users\user\desktop\gamelibrary\gamelibrary\x64\release\gamelibrary.tlog\cl.write.1.tlog
c:\users\user\desktop\gamelibrary\gamelibrary\x64\release\gamelibrary.tlog\lib-link.read.1.tlog
c:\users\user\desktop\gamelibrary\gamelibrary\x64\release\gamelibrary.tlog\lib-link.write.1.tlog
c:\users\user\desktop\gamelibrary\gamelibrary\x64\release\gamelibrary.tlog\lib.command.1.tlog
