  pch.cpp
  AtomicUtils.cpp
  Container.cpp
  CpuUsage.cpp
  CrashDump.cpp
  LockFreeObjectPoolTLSList.cpp
  LoopInstance.cpp
  LogicInstance.cpp
  FrameTimer.cpp
  NetClient.cpp
  NetClientSession.cpp
  SessionInstance.cpp
  IocpCore.cpp
  Job.cpp
  Kicker.cpp
  LanClient.cpp
  LanClientSession.cpp
  LanRecvPacket.cpp
  LanSendPacket.cpp
  LanSerializeBuffer.cpp
  LanService.cpp
  컴파일하고 있습니다...
  LanSession.cpp
  LibErrCode.cpp
  LibGlobal.cpp
  LibPch.cpp
  Lock.cpp
  LockFreeObjectPool.cpp
  LockFreeObjectPoolTLS.cpp
  LockFreeQueue.cpp
  LockFreeQueueStatic.cpp
  LockFreeStack.cpp
  LogUtils.cpp
  NetAddress.cpp
  SoloInstance.cpp
  GroupInstance.cpp
  NetObserver.cpp
  NetRecvPacket.cpp
  NetSendPacket.cpp
  NetSerializeBuffer.cpp
  NetService.cpp
  NetSession.cpp
  컴파일하고 있습니다...
  LanObserver.cpp
  PerformanceMonitor.cpp
  Profiler.cpp
  SmartPointer.cpp
  SocketUtils.cpp
  TextParser.cpp
  ThreadManager.cpp
  GameLibrary.vcxproj -> C:\Users\user\Desktop\GameLibrary\x64\Release\GameLibrary.lib
