c:\users\user\desktop\portfolio\rpc 툴\rpc_chatserver\rpc_chatserver\x64\release\rpc_chatserver.pch
c:\users\user\desktop\portfolio\rpc 툴\rpc_chatserver\rpc_chatserver\x64\release\vc143.pdb
c:\users\user\desktop\portfolio\rpc 툴\rpc_chatserver\rpc_chatserver\x64\release\pch.obj
c:\users\user\desktop\portfolio\rpc 툴\rpc_chatserver\rpc_chatserver\x64\release\singlechat_server.obj
c:\users\user\desktop\portfolio\rpc 툴\rpc_chatserver\rpc_chatserver\x64\release\redisutils.obj
c:\users\user\desktop\portfolio\rpc 툴\rpc_chatserver\rpc_chatserver\x64\release\redistoken.obj
c:\users\user\desktop\portfolio\rpc 툴\rpc_chatserver\rpc_chatserver\x64\release\player.obj
c:\users\user\desktop\portfolio\rpc 툴\rpc_chatserver\rpc_chatserver\x64\release\main.obj
c:\users\user\desktop\portfolio\rpc 툴\rpc_chatserver\rpc_chatserver\x64\release\objectpool.obj
c:\users\user\desktop\portfolio\rpc 툴\rpc_chatserver\rpc_chatserver\x64\release\monitorclient.obj
c:\users\user\desktop\portfolio\rpc 툴\rpc_chatserver\rpc_chatserver\x64\release\chatgroupjob.obj
c:\users\user\desktop\portfolio\rpc 툴\rpc_chatserver\rpc_chatserver\x64\release\chatgroup.obj
c:\users\user\desktop\portfolio\rpc 툴\rpc_chatserver\x64\release\rpc_chatserver.exe
c:\users\user\desktop\portfolio\rpc 툴\rpc_chatserver\x64\release\rpc_chatserver.pdb
c:\users\user\desktop\portfolio\rpc 툴\rpc_chatserver\rpc_chatserver\x64\release\rpc_chatserver.ipdb
c:\users\user\desktop\portfolio\rpc 툴\rpc_chatserver\rpc_chatserver\x64\release\rpc_chatserver.iobj
c:\users\user\desktop\portfolio\rpc 툴\rpc_chatserver\rpc_chatserver\x64\release\rpc_chatserver.tlog\cl.command.1.tlog
c:\users\user\desktop\portfolio\rpc 툴\rpc_chatserver\rpc_chatserver\x64\release\rpc_chatserver.tlog\cl.items.tlog
c:\users\user\desktop\portfolio\rpc 툴\rpc_chatserver\rpc_chatserver\x64\release\rpc_chatserver.tlog\cl.read.1.tlog
c:\users\user\desktop\portfolio\rpc 툴\rpc_chatserver\rpc_chatserver\x64\release\rpc_chatserver.tlog\cl.write.1.tlog
c:\users\user\desktop\portfolio\rpc 툴\rpc_chatserver\rpc_chatserver\x64\release\rpc_chatserver.tlog\link.command.1.tlog
c:\users\user\desktop\portfolio\rpc 툴\rpc_chatserver\rpc_chatserver\x64\release\rpc_chatserver.tlog\link.read.1.tlog
c:\users\user\desktop\portfolio\rpc 툴\rpc_chatserver\rpc_chatserver\x64\release\rpc_chatserver.tlog\link.secondary.1.tlog
c:\users\user\desktop\portfolio\rpc 툴\rpc_chatserver\rpc_chatserver\x64\release\rpc_chatserver.tlog\link.write.1.tlog
